<?xml version="1.0" encoding="UTF-8"?>
<!-- Generated by org.testng.reporters.JUnitReportReporter -->
<testsuite hostname="DESKTOP-0FO2V6Q" failures="0" tests="1" name="testCases.TC001_AccountRegistrationText" time="6.842" errors="0" timestamp="2025-05-21T16:24:01 IST" skipped="0">
  <testcase classname="testCases.TC001_AccountRegistrationText" name="verify_account_registration" time="6.842"/>
</testsuite> <!-- testCases.TC001_AccountRegistrationText -->
